c:\users\user\desktop\chap6_pwg\chap6_pwg\chap6_pwg\chap6_pwg\x64\debug\chap6_pwg.pch
c:\users\user\desktop\chap6_pwg\chap6_pwg\chap6_pwg\chap6_pwg\x64\debug\vc141.pdb
c:\users\user\desktop\chap6_pwg\chap6_pwg\chap6_pwg\chap6_pwg\x64\debug\vc141.idb
c:\users\user\desktop\chap6_pwg\chap6_pwg\chap6_pwg\chap6_pwg\x64\debug\stdafx.obj
c:\users\user\desktop\chap6_pwg\chap6_pwg\chap6_pwg\chap6_pwg\x64\debug\mainfrm.obj
c:\users\user\desktop\chap6_pwg\chap6_pwg\chap6_pwg\chap6_pwg\x64\debug\chap6_pwgview.obj
c:\users\user\desktop\chap6_pwg\chap6_pwg\chap6_pwg\chap6_pwg\x64\debug\chap6_pwgdoc.obj
c:\users\user\desktop\chap6_pwg\chap6_pwg\chap6_pwg\chap6_pwg\x64\debug\chap6_pwg.obj
c:\users\user\desktop\chap6_pwg\chap6_pwg\chap6_pwg\x64\debug\chap6_pwg.exe
c:\users\user\desktop\chap6_pwg\chap6_pwg\chap6_pwg\x64\debug\chap6_pwg.ilk
c:\users\user\desktop\chap6_pwg\chap6_pwg\chap6_pwg\x64\debug\chap6_pwg.pdb
c:\users\user\desktop\chap6_pwg\chap6_pwg\chap6_pwg\chap6_pwg\x64\debug\chap6pwg.res
c:\users\user\desktop\chap6_pwg\chap6_pwg\chap6_pwg\chap6_pwg\x64\debug\chap6_pwg.tlog\cl.command.1.tlog
c:\users\user\desktop\chap6_pwg\chap6_pwg\chap6_pwg\chap6_pwg\x64\debug\chap6_pwg.tlog\cl.read.1.tlog
c:\users\user\desktop\chap6_pwg\chap6_pwg\chap6_pwg\chap6_pwg\x64\debug\chap6_pwg.tlog\cl.write.1.tlog
c:\users\user\desktop\chap6_pwg\chap6_pwg\chap6_pwg\chap6_pwg\x64\debug\chap6_pwg.tlog\link.command.1.tlog
c:\users\user\desktop\chap6_pwg\chap6_pwg\chap6_pwg\chap6_pwg\x64\debug\chap6_pwg.tlog\link.read.1.tlog
c:\users\user\desktop\chap6_pwg\chap6_pwg\chap6_pwg\chap6_pwg\x64\debug\chap6_pwg.tlog\link.write.1.tlog
c:\users\user\desktop\chap6_pwg\chap6_pwg\chap6_pwg\chap6_pwg\x64\debug\chap6_pwg.tlog\rc.command.1.tlog
c:\users\user\desktop\chap6_pwg\chap6_pwg\chap6_pwg\chap6_pwg\x64\debug\chap6_pwg.tlog\rc.read.1.tlog
c:\users\user\desktop\chap6_pwg\chap6_pwg\chap6_pwg\chap6_pwg\x64\debug\chap6_pwg.tlog\rc.write.1.tlog
