c:\users\6109-6\desktop\chap10_pwg\chap10_pwg\x64\debug\chap10_pwg.pch
c:\users\6109-6\desktop\chap10_pwg\chap10_pwg\x64\debug\vc141.pdb
c:\users\6109-6\desktop\chap10_pwg\chap10_pwg\x64\debug\vc141.idb
c:\users\6109-6\desktop\chap10_pwg\chap10_pwg\x64\debug\stdafx.obj
c:\users\6109-6\desktop\chap10_pwg\chap10_pwg\x64\debug\chap10_pwgview.obj
c:\users\6109-6\desktop\chap10_pwg\chap10_pwg\x64\debug\chap10_pwg.obj
c:\users\6109-6\desktop\chap10_pwg\chap10_pwg\x64\debug\cleftviewdlg.obj
c:\users\6109-6\desktop\chap10_pwg\chap10_pwg\x64\debug\mainfrm.obj
c:\users\6109-6\desktop\chap10_pwg\chap10_pwg\x64\debug\chap10_pwgdoc.obj
c:\users\6109-6\desktop\chap10_pwg\x64\debug\chap10_pwg.exe
c:\users\6109-6\desktop\chap10_pwg\x64\debug\chap10_pwg.ilk
c:\users\6109-6\desktop\chap10_pwg\x64\debug\chap10_pwg.pdb
c:\users\6109-6\desktop\chap10_pwg\chap10_pwg\x64\debug\chap10pwg.res
c:\users\6109-6\desktop\chap10_pwg\chap10_pwg\x64\debug\chap10_pwg.tlog\cl.command.1.tlog
c:\users\6109-6\desktop\chap10_pwg\chap10_pwg\x64\debug\chap10_pwg.tlog\cl.read.1.tlog
c:\users\6109-6\desktop\chap10_pwg\chap10_pwg\x64\debug\chap10_pwg.tlog\cl.write.1.tlog
c:\users\6109-6\desktop\chap10_pwg\chap10_pwg\x64\debug\chap10_pwg.tlog\link.command.1.tlog
c:\users\6109-6\desktop\chap10_pwg\chap10_pwg\x64\debug\chap10_pwg.tlog\link.read.1.tlog
c:\users\6109-6\desktop\chap10_pwg\chap10_pwg\x64\debug\chap10_pwg.tlog\link.write.1.tlog
c:\users\6109-6\desktop\chap10_pwg\chap10_pwg\x64\debug\chap10_pwg.tlog\rc.command.1.tlog
c:\users\6109-6\desktop\chap10_pwg\chap10_pwg\x64\debug\chap10_pwg.tlog\rc.read.1.tlog
c:\users\6109-6\desktop\chap10_pwg\chap10_pwg\x64\debug\chap10_pwg.tlog\rc.write.1.tlog
