c:\users\user\source\repos\chap8_pwg\chap8_pwg\debug\vc141.pdb
c:\users\user\source\repos\chap8_pwg\chap8_pwg\debug\vc141.idb
c:\users\user\source\repos\chap8_pwg\chap8_pwg\debug\chap8_pwgdlg.obj
c:\users\user\source\repos\chap8_pwg\chap8_pwg\debug\chap8_pwg.obj
c:\users\user\source\repos\chap8_pwg\chap8_pwg\debug\cobjectdlg.obj
c:\users\user\source\repos\chap8_pwg\chap8_pwg\debug\ccolordlg.obj
c:\users\user\source\repos\chap8_pwg\chap8_pwg\debug\chap8_pwg.pch
c:\users\user\source\repos\chap8_pwg\chap8_pwg\debug\stdafx.obj
c:\users\user\source\repos\chap8_pwg\chap8_pwg\debug\covaldlg.obj
c:\users\user\desktop\chap8_pwg\chap8_pwg\debug\chap8_pwg.pch
c:\users\user\desktop\chap8_pwg\chap8_pwg\debug\vc141.pdb
c:\users\user\desktop\chap8_pwg\chap8_pwg\debug\vc141.idb
c:\users\user\desktop\chap8_pwg\chap8_pwg\debug\stdafx.obj
c:\users\user\desktop\chap8_pwg\chap8_pwg\debug\covaldlg.obj
c:\users\user\desktop\chap8_pwg\chap8_pwg\debug\cobjectdlg.obj
c:\users\user\desktop\chap8_pwg\chap8_pwg\debug\chap8_pwgdlg.obj
c:\users\user\desktop\chap8_pwg\chap8_pwg\debug\chap8_pwg.obj
c:\users\user\desktop\chap8_pwg\chap8_pwg\debug\ccolordlg.obj
c:\users\user\source\repos\chap8_pwg\debug\chap8_pwg.exe
c:\users\user\source\repos\chap8_pwg\debug\chap8_pwg.ilk
c:\users\user\source\repos\chap8_pwg\debug\chap8_pwg.pdb
c:\users\user\desktop\chap8_pwg\debug\chap8_pwg.exe
c:\users\user\desktop\chap8_pwg\debug\chap8_pwg.ilk
c:\users\user\desktop\chap8_pwg\debug\chap8_pwg.pdb
c:\users\user\source\repos\chap8_pwg\chap8_pwg\debug\chap8pwg.res
c:\users\user\desktop\chap8_pwg\chap8_pwg\debug\chap8pwg.res
c:\users\user\desktop\chap8_pwg\chap8_pwg\debug\chap8_pwg.tlog\cl.command.1.tlog
c:\users\user\desktop\chap8_pwg\chap8_pwg\debug\chap8_pwg.tlog\cl.read.1.tlog
c:\users\user\desktop\chap8_pwg\chap8_pwg\debug\chap8_pwg.tlog\cl.write.1.tlog
c:\users\user\desktop\chap8_pwg\chap8_pwg\debug\chap8_pwg.tlog\link.command.1.tlog
c:\users\user\desktop\chap8_pwg\chap8_pwg\debug\chap8_pwg.tlog\link.read.1.tlog
c:\users\user\desktop\chap8_pwg\chap8_pwg\debug\chap8_pwg.tlog\link.write.1.tlog
c:\users\user\desktop\chap8_pwg\chap8_pwg\debug\chap8_pwg.tlog\rc.command.1.tlog
c:\users\user\desktop\chap8_pwg\chap8_pwg\debug\chap8_pwg.tlog\rc.read.1.tlog
c:\users\user\desktop\chap8_pwg\chap8_pwg\debug\chap8_pwg.tlog\rc.write.1.tlog
