c:\웅기\chap5_pwg\chap5_pwg\debug\chap5_pwg.pch
c:\웅기\chap5_pwg\chap5_pwg\debug\vc141.pdb
c:\웅기\chap5_pwg\chap5_pwg\debug\vc141.idb
c:\웅기\chap5_pwg\chap5_pwg\debug\stdafx.obj
c:\웅기\chap5_pwg\chap5_pwg\debug\mainfrm.obj
c:\웅기\chap5_pwg\chap5_pwg\debug\chobbyctrl.obj
c:\웅기\chap5_pwg\chap5_pwg\debug\chap5_pwgview.obj
c:\웅기\chap5_pwg\chap5_pwg\debug\chap5_pwgdoc.obj
c:\웅기\chap5_pwg\chap5_pwg\debug\chap5_pwg.obj
c:\웅기\chap5_pwg\debug\chap5_pwg.ilk
c:\웅기\chap5_pwg\debug\chap5_pwg.exe
c:\웅기\chap5_pwg\debug\chap5_pwg.pdb
c:\웅기\chap5_pwg\chap5_pwg\debug\chap5pwg.res
c:\웅기\chap5_pwg\chap5_pwg\debug\chap5_pwg.tlog\cl.command.1.tlog
c:\웅기\chap5_pwg\chap5_pwg\debug\chap5_pwg.tlog\cl.read.1.tlog
c:\웅기\chap5_pwg\chap5_pwg\debug\chap5_pwg.tlog\cl.write.1.tlog
c:\웅기\chap5_pwg\chap5_pwg\debug\chap5_pwg.tlog\link.command.1.tlog
c:\웅기\chap5_pwg\chap5_pwg\debug\chap5_pwg.tlog\link.read.1.tlog
c:\웅기\chap5_pwg\chap5_pwg\debug\chap5_pwg.tlog\link.write.1.tlog
c:\웅기\chap5_pwg\chap5_pwg\debug\chap5_pwg.tlog\rc.command.1.tlog
c:\웅기\chap5_pwg\chap5_pwg\debug\chap5_pwg.tlog\rc.read.1.tlog
c:\웅기\chap5_pwg\chap5_pwg\debug\chap5_pwg.tlog\rc.write.1.tlog
