c:\users\user\desktop\11월12일과제\chap6_pwg\release\chap6_pwg.ipdb
c:\users\user\desktop\11월12일과제\chap6_pwg\release\chap6_pwg.iobj
c:\users\user\desktop\11월12일과제\chap6_pwg\chap6_pwg\release\chap6_pwg.pch
c:\users\user\desktop\11월12일과제\chap6_pwg\chap6_pwg\release\vc141.pdb
c:\users\user\desktop\11월12일과제\chap6_pwg\chap6_pwg\release\stdafx.obj
c:\users\user\desktop\11월12일과제\chap6_pwg\chap6_pwg\release\mainfrm.obj
c:\users\user\desktop\11월12일과제\chap6_pwg\chap6_pwg\release\chap6_pwgview.obj
c:\users\user\desktop\11월12일과제\chap6_pwg\chap6_pwg\release\chap6_pwgdoc.obj
c:\users\user\desktop\11월12일과제\chap6_pwg\chap6_pwg\release\chap6_pwg.obj
c:\users\user\desktop\11월12일과제\chap6_pwg\release\chap6_pwg.exe
c:\users\user\desktop\11월12일과제\chap6_pwg\release\chap6_pwg.pdb
c:\users\user\desktop\11월12일과제\chap6_pwg\chap6_pwg\release\chap6pwg.res
c:\users\user\desktop\11월12일과제\chap6_pwg\chap6_pwg\release\chap6_pwg.tlog\chap6_pwg.write.1u.tlog
c:\users\user\desktop\11월12일과제\chap6_pwg\chap6_pwg\release\chap6_pwg.tlog\cl.command.1.tlog
c:\users\user\desktop\11월12일과제\chap6_pwg\chap6_pwg\release\chap6_pwg.tlog\cl.read.1.tlog
c:\users\user\desktop\11월12일과제\chap6_pwg\chap6_pwg\release\chap6_pwg.tlog\cl.write.1.tlog
c:\users\user\desktop\11월12일과제\chap6_pwg\chap6_pwg\release\chap6_pwg.tlog\link.command.1.tlog
c:\users\user\desktop\11월12일과제\chap6_pwg\chap6_pwg\release\chap6_pwg.tlog\link.read.1.tlog
c:\users\user\desktop\11월12일과제\chap6_pwg\chap6_pwg\release\chap6_pwg.tlog\link.write.1.tlog
c:\users\user\desktop\11월12일과제\chap6_pwg\chap6_pwg\release\chap6_pwg.tlog\rc.command.1.tlog
c:\users\user\desktop\11월12일과제\chap6_pwg\chap6_pwg\release\chap6_pwg.tlog\rc.read.1.tlog
c:\users\user\desktop\11월12일과제\chap6_pwg\chap6_pwg\release\chap6_pwg.tlog\rc.write.1.tlog
